<?xml version="1.0" encoding="utf-8"?><testsuites name="pytest tests"><testsuite name="pytest" errors="0" failures="0" skipped="0" tests="47" time="0.398" timestamp="2026-05-29T00:03:54.346807+00:00" hostname="devinbox"><testcase classname="project.tests.test_loan_amortization.TestConstantPayment" name="test_monthly_end_100k_5pct_30yr" time="0.001" /><testcase classname="project.tests.test_loan_amortization.TestConstantPayment" name="test_monthly_begin_250k_35pct_15yr" time="0.001" /><testcase classname="project.tests.test_loan_amortization.TestConstantPayment" name="test_annual_end_50k_7pct_5yr" time="0.000" /><testcase classname="project.tests.test_loan_amortization.TestConstantPayment" name="test_payment_matches_excel_pmt" time="0.001" /><testcase classname="project.tests.test_loan_amortization.TestConstantPayment" name="test_vba_recreation_matches_reference" time="0.002" /><testcase classname="project.tests.test_loan_amortization.TestConstantPayment" name="test_begin_of_period_zero_first_interest" time="0.002" /><testcase classname="project.tests.test_loan_amortization.TestConstantPayment" name="test_total_principal_equals_loan" time="0.002" /><testcase classname="project.tests.test_loan_amortization.TestConstantPayment" name="test_annual_frequency" time="0.001" /><testcase classname="project.tests.test_loan_amortization.TestStraightLine" name="test_constant_principal" time="0.001" /><testcase classname="project.tests.test_loan_amortization.TestStraightLine" name="test_decreasing_total_payment" time="0.001" /><testcase classname="project.tests.test_loan_amortization.TestStraightLine" name="test_final_balance_zero" time="0.001" /><testcase classname="project.tests.test_loan_amortization.TestStraightLine" name="test_straight_line_annual" time="0.001" /><testcase classname="project.tests.test_loan_amortization.TestStraightLine" name="test_begin_period_straight_line" time="0.001" /><testcase classname="project.tests.test_loan_amortization.TestInputValidation" name="test_negative_loan_rejected" time="0.001" /><testcase classname="project.tests.test_loan_amortization.TestInputValidation" name="test_zero_loan_rejected" time="0.001" /><testcase classname="project.tests.test_loan_amortization.TestInputValidation" name="test_none_input_rejected" time="0.001" /><testcase classname="project.tests.test_loan_amortization.TestInputValidation" name="test_non_numeric_rate_rejected" time="0.001" /><testcase classname="project.tests.test_loan_amortization.TestInputValidation" name="test_annual_non_integer_years_rejected" time="0.000" /><testcase classname="project.tests.test_loan_amortization.TestSummaryStatistics" name="test_summary_constant_payment" time="0.001" /><testcase classname="project.tests.test_loan_amortization.TestSummaryStatistics" name="test_summary_straight_line" time="0.001" /><testcase classname="project.tests.test_loan_amortization.TestCrossValidation" name="test_same_total_principal" time="0.002" /><testcase classname="project.tests.test_loan_amortization.TestCrossValidation" name="test_straight_line_less_total_interest" time="0.002" /><testcase classname="project.tests.test_performance.TestPerformance" name="test_amortization_360_periods" time="0.000" /><testcase classname="project.tests.test_performance.TestPerformance" name="test_portfolio_analysis_60_months" time="0.001" /><testcase classname="project.tests.test_performance.TestPerformance" name="test_constant_schedule_generation" time="0.001" /><testcase classname="project.tests.test_performance.TestPerformance" name="test_straight_line_schedule_generation" time="0.001" /><testcase classname="project.tests.test_performance.TestPerformance" name="test_full_portfolio_analysis_performance" time="0.001" /><testcase classname="project.tests.test_performance.TestPerformance" name="test_multiple_loan_scenarios" time="0.007" /><testcase classname="project.tests.test_portfolio.TestLogReturns" name="test_basic_log_return" time="0.000" /><testcase classname="project.tests.test_portfolio.TestLogReturns" name="test_portfolio_weighted_return" time="0.000" /><testcase classname="project.tests.test_portfolio.TestLogReturns" name="test_flag_reverses_direction" time="0.003" /><testcase classname="project.tests.test_portfolio.TestLogReturns" name="test_unequal_lengths_rejected" time="0.000" /><testcase classname="project.tests.test_portfolio.TestMatrixOps" name="test_mvp_weights_sum_to_one" time="0.001" /><testcase classname="project.tests.test_portfolio.TestMatrixOps" name="test_tangency_weights_sum_to_one" time="0.001" /><testcase classname="project.tests.test_portfolio.TestMatrixOps" name="test_covariance_matches_excel" time="0.001" /><testcase classname="project.tests.test_portfolio.TestMatrixOps" name="test_mvp_is_minimum_variance" time="0.001" /><testcase classname="project.tests.test_portfolio.TestMatrixOps" name="test_vcv_matrix_symmetric" time="0.001" /><testcase classname="project.tests.test_portfolio.TestSharpeRatio" name="test_basic_sharpe" time="0.000" /><testcase classname="project.tests.test_portfolio.TestSharpeRatio" name="test_sharpe_with_real_data" time="0.001" /><testcase classname="project.tests.test_portfolio.TestEfficientFrontier" name="test_frontier_has_44_points" time="0.001" /><testcase classname="project.tests.test_portfolio.TestEfficientFrontier" name="test_frontier_weights_sum_to_one" time="0.001" /><testcase classname="project.tests.test_portfolio.TestEfficientFrontier" name="test_frontier_std_positive" time="0.002" /><testcase classname="project.tests.test_portfolio.TestFullAnalysis" name="test_full_analysis_runs" time="0.001" /><testcase classname="project.tests.test_portfolio.TestFullAnalysis" name="test_mvp_weights_sum" time="0.001" /><testcase classname="project.tests.test_portfolio.TestFullAnalysis" name="test_orp_weights_sum" time="0.001" /><testcase classname="project.tests.test_portfolio.TestFullAnalysis" name="test_correlation_diagonal_is_one" time="0.001" /><testcase classname="project.tests.test_portfolio.TestFullAnalysis" name="test_vcv_positive_diagonal" time="0.001" /></testsuite></testsuites>